# JRE version: OpenJDK Runtime Environment (11.0.10) (build 11.0.10+0-b96-7249189)
# Java VM: OpenJDK 64-Bit Server VM (11.0.10+0-b96-7249189, mixed mode, tiered, compressed oops, g1 gc, windows-amd64)
Heap:
 garbage-first heap   total 187392K, used 88771K [0x0000000080000000, 0x0000000100000000)
  region size 1024K, 23 young (23552K), 11 survivors (11264K)
 Metaspace       used 94872K, capacity 97160K, committed 97304K, reserved 1132544K
  class space    used 12373K, capacity 13223K, committed 13336K, reserved 1048576K
GC Heap History (20 events):
Event: 7.620 GC heap before
{Heap before GC invocations=7 (full 0):
 garbage-first heap   total 129024K, used 81348K [0x0000000080000000, 0x0000000100000000)
  region size 1024K, 66 young (67584K), 3 survivors (3072K)
 Metaspace       used 35073K, capacity 35822K, committed 35840K, reserved 1081344K
  class space    used 4545K, capacity 4864K, committed 4864K, reserved 1048576K
}
Event: 7.632 GC heap after
{Heap after GC invocations=8 (full 0):
 garbage-first heap   total 129024K, used 22599K [0x0000000080000000, 0x0000000100000000)
  region size 1024K, 7 young (7168K), 7 survivors (7168K)
 Metaspace       used 35073K, capacity 35822K, committed 35840K, reserved 1081344K
  class space    used 4545K, capacity 4864K, committed 4864K, reserved 1048576K
}
Event: 8.570 GC heap before
{Heap before GC invocations=9 (full 0):
 garbage-first heap   total 129024K, used 91207K [0x0000000080000000, 0x0000000100000000)
  region size 1024K, 71 young (72704K), 7 survivors (7168K)
 Metaspace       used 39740K, capacity 40650K, committed 40780K, reserved 1085440K
  class space    used 5079K, capacity 5423K, committed 5452K, reserved 1048576K
}
Event: 8.602 GC heap after
{Heap after GC invocations=10 (full 0):
 garbage-first heap   total 155648K, used 27423K [0x0000000080000000, 0x0000000100000000)
  region size 1024K, 9 young (9216K), 9 survivors (9216K)
 Metaspace       used 39740K, capacity 40650K, committed 40780K, reserved 1085440K
  class space    used 5079K, capacity 5423K, committed 5452K, reserved 1048576K
}
Event: 10.690 GC heap before
{Heap before GC invocations=11 (full 0):
 garbage-first heap   total 155648K, used 112415K [0x0000000080000000, 0x0000000100000000)
  region size 1024K, 91 young (93184K), 9 survivors (9216K)
 Metaspace       used 48973K, capacity 50070K, committed 50252K, reserved 1093632K
  class space    used 6311K, capacity 6704K, committed 6732K, reserved 1048576K
}
Event: 10.710 GC heap after
{Heap after GC invocations=12 (full 0):
 garbage-first heap   total 155648K, used 31661K [0x0000000080000000, 0x0000000100000000)
  region size 1024K, 9 young (9216K), 9 survivors (9216K)
 Metaspace       used 48973K, capacity 50070K, committed 50252K, reserved 1093632K
  class space    used 6311K, capacity 6704K, committed 6732K, reserved 1048576K
}
Event: 14.674 GC heap before
{Heap before GC invocations=12 (full 0):
 garbage-first heap   total 155648K, used 122797K [0x0000000080000000, 0x0000000100000000)
  region size 1024K, 91 young (93184K), 9 survivors (9216K)
 Metaspace       used 53197K, capacity 54484K, committed 54732K, reserved 1097728K
  class space    used 6844K, capacity 7281K, committed 7372K, reserved 1048576K
}
Event: 14.706 GC heap after
{Heap after GC invocations=13 (full 0):
 garbage-first heap   total 155648K, used 50176K [0x0000000080000000, 0x0000000100000000)
  region size 1024K, 12 young (12288K), 12 survivors (12288K)
 Metaspace       used 53197K, capacity 54484K, committed 54732K, reserved 1097728K
  class space    used 6844K, capacity 7281K, committed 7372K, reserved 1048576K
}
Event: 16.294 GC heap before
{Heap before GC invocations=13 (full 0):
 garbage-first heap   total 155648K, used 115712K [0x0000000080000000, 0x0000000100000000)
  region size 1024K, 76 young (77824K), 12 survivors (12288K)
 Metaspace       used 61199K, capacity 62707K, committed 62924K, reserved 1103872K
  class space    used 7799K, capacity 8354K, committed 8396K, reserved 1048576K
}
Event: 16.315 GC heap after
{Heap after GC invocations=14 (full 0):
 garbage-first heap   total 155648K, used 53835K [0x0000000080000000, 0x0000000100000000)
  region size 1024K, 3 young (3072K), 3 survivors (3072K)
 Metaspace       used 61199K, capacity 62707K, committed 62924K, reserved 1103872K
  class space    used 7799K, capacity 8354K, committed 8396K, reserved 1048576K
}
Event: 17.370 GC heap before
{Heap before GC invocations=14 (full 0):
 garbage-first heap   total 155648K, used 104011K [0x0000000080000000, 0x0000000100000000)
  region size 1024K, 54 young (55296K), 3 survivors (3072K)
 Metaspace       used 67060K, capacity 68495K, committed 68556K, reserved 1107968K
  class space    used 8539K, capacity 9103K, committed 9164K, reserved 1048576K
}
Event: 17.383 GC heap after
{Heap after GC invocations=15 (full 0):
 garbage-first heap   total 187392K, used 57329K [0x0000000080000000, 0x0000000100000000)
  region size 1024K, 7 young (7168K), 7 survivors (7168K)
 Metaspace       used 67060K, capacity 68495K, committed 68556K, reserved 1107968K
  class space    used 8539K, capacity 9103K, committed 9164K, reserved 1048576K
}
Event: 18.800 GC heap before
{Heap before GC invocations=16 (full 0):
 garbage-first heap   total 187392K, used 133105K [0x0000000080000000, 0x0000000100000000)
  region size 1024K, 80 young (81920K), 7 survivors (7168K)
 Metaspace       used 71575K, capacity 73377K, committed 73624K, reserved 1114112K
  class space    used 9108K, capacity 9756K, committed 9880K, reserved 1048576K
}
Event: 18.826 GC heap after
{Heap after GC invocations=17 (full 0):
 garbage-first heap   total 187392K, used 62823K [0x0000000080000000, 0x0000000100000000)
  region size 1024K, 10 young (10240K), 10 survivors (10240K)
 Metaspace       used 71575K, capacity 73377K, committed 73624K, reserved 1114112K
  class space    used 9108K, capacity 9756K, committed 9880K, reserved 1048576K
}
Event: 20.275 GC heap before
{Heap before GC invocations=18 (full 0):
 garbage-first heap   total 187392K, used 136551K [0x0000000080000000, 0x0000000100000000)
  region size 1024K, 82 young (83968K), 10 survivors (10240K)
 Metaspace       used 79198K, capacity 81066K, committed 81176K, reserved 1120256K
  class space    used 10261K, capacity 10963K, committed 11032K, reserved 1048576K
}
Event: 20.296 GC heap after
{Heap after GC invocations=19 (full 0):
 garbage-first heap   total 187392K, used 67357K [0x0000000080000000, 0x0000000100000000)
  region size 1024K, 10 young (10240K), 10 survivors (10240K)
 Metaspace       used 79198K, capacity 81066K, committed 81176K, reserved 1120256K
  class space    used 10261K, capacity 10963K, committed 11032K, reserved 1048576K
}
Event: 21.619 GC heap before
{Heap before GC invocations=19 (full 0):
 garbage-first heap   total 187392K, used 141085K [0x0000000080000000, 0x0000000100000000)
  region size 1024K, 82 young (83968K), 10 survivors (10240K)
 Metaspace       used 86672K, capacity 88657K, committed 88856K, reserved 1126400K
  class space    used 11313K, capacity 12052K, committed 12056K, reserved 1048576K
}
Event: 21.639 GC heap after
{Heap after GC invocations=20 (full 0):
 garbage-first heap   total 187392K, used 72320K [0x0000000080000000, 0x0000000100000000)
  region size 1024K, 10 young (10240K), 10 survivors (10240K)
 Metaspace       used 86672K, capacity 88657K, committed 88856K, reserved 1126400K
  class space    used 11313K, capacity 12052K, committed 12056K, reserved 1048576K
}
Event: 23.984 GC heap before
{Heap before GC invocations=20 (full 0):
 garbage-first heap   total 187392K, used 145024K [0x0000000080000000, 0x0000000100000000)
  region size 1024K, 81 young (82944K), 10 survivors (10240K)
 Metaspace       used 94645K, capacity 96911K, committed 97304K, reserved 1132544K
  class space    used 12347K, capacity 13185K, committed 13336K, reserved 1048576K
}
Event: 24.007 GC heap after
{Heap after GC invocations=21 (full 0):
 garbage-first heap   total 187392K, used 78531K [0x0000000080000000, 0x0000000100000000)
  region size 1024K, 11 young (11264K), 11 survivors (11264K)
 Metaspace       used 94645K, capacity 96911K, committed 97304K, reserved 1132544K
  class space    used 12347K, capacity 13185K, committed 13336K, reserved 1048576K
}

